2025-10-23 21:40:15 - MemoryReader - INFO - Avvio Memory Reader Application
2025-10-23 21:40:15 - MemoryReader - INFO - Processi disponibili:
2025-10-23 21:40:25 - MemoryReader - INFO - 
Interruzione da utente
2025-10-23 21:40:25 - MemoryReader - INFO - Chiusura applicazione
2025-10-23 21:40:38 - MemoryReader - INFO - Avvio Memory Reader Application
2025-10-23 21:40:38 - MemoryReader - INFO - Processi disponibili:
2025-10-23 21:40:49 - MemoryReader - ERROR - Impossibile connettersi al processo:  brave.exe
2025-10-23 21:40:49 - MemoryReader - INFO - Chiusura applicazione
2025-10-23 21:41:27 - MemoryReader - INFO - Avvio Memory Reader Application
2025-10-23 21:41:27 - MemoryReader - INFO - Processi disponibili:
2025-10-23 21:42:46 - MemoryReader - INFO - Collegato al processo: brave.exe
2025-10-23 21:42:46 - MemoryReader - ERROR - Errore: 'MODULEINFO' object has no attribute 'base_address'
2025-10-23 21:42:46 - MemoryReader - INFO - Chiusura applicazione
2025-10-23 21:44:06 - MemoryReader - INFO - Avvio Memory Reader Application
2025-10-23 21:44:06 - MemoryReader - INFO - Processi disponibili:
2025-10-23 21:44:31 - MemoryReader - INFO - Collegato al processo: ApplicationFrameHost.exe
2025-10-23 21:44:31 - MemoryReader - ERROR - Errore: 'MODULEINFO' object has no attribute 'base_address'
2025-10-23 21:44:31 - MemoryReader - INFO - Chiusura applicazione
2025-10-23 21:44:42 - MemoryReader - INFO - Avvio Memory Reader Application
2025-10-23 21:44:42 - MemoryReader - INFO - Processi disponibili:
2025-10-23 21:45:16 - MemoryReader - INFO - 
Interruzione da utente
2025-10-23 21:45:16 - MemoryReader - INFO - Chiusura applicazione
2025-10-23 21:45:18 - MemoryReader - INFO - Avvio Memory Reader Application
2025-10-23 21:45:18 - MemoryReader - INFO - Processi disponibili:
2025-10-23 21:45:35 - MemoryReader - INFO - 
Interruzione da utente
2025-10-23 21:45:35 - MemoryReader - INFO - Chiusura applicazione
2025-10-23 21:45:41 - MemoryReader - INFO - Avvio Memory Reader Application
2025-10-23 21:45:41 - MemoryReader - INFO - Processi disponibili:
2025-10-23 21:45:45 - MemoryReader - INFO - 
Interruzione da utente
2025-10-23 21:45:45 - MemoryReader - INFO - Chiusura applicazione
2025-10-23 21:46:10 - MemoryReader - INFO - Avvio Memory Reader Application
2025-10-23 21:46:10 - MemoryReader - INFO - Processi disponibili:
2025-10-23 21:46:29 - MemoryReader - INFO - 
Interruzione da utente
2025-10-23 21:46:29 - MemoryReader - INFO - Chiusura applicazione
2025-10-23 22:01:06 - MemoryReader - INFO - Avvio Memory Reader Application
2025-10-23 22:01:06 - MemoryReader - INFO - Processi disponibili:
2025-10-23 22:01:11 - MemoryReader - INFO - 
Interruzione da utente
2025-10-23 22:01:11 - MemoryReader - INFO - Chiusura applicazione
2025-10-23 22:03:56 - MemoryReader - INFO - Avvio Memory Reader Application
2025-10-23 22:03:56 - MemoryReader - INFO - Processi disponibili:
2025-10-23 22:04:01 - MemoryReader - INFO - 
Interruzione da utente
2025-10-23 22:04:01 - MemoryReader - INFO - Chiusura applicazione
2025-10-23 22:10:51 - MemoryReader - INFO - Connesso a brave.exe
2025-10-23 22:25:39 - MemoryReader - INFO - Connesso a WhatsApp.exe
2025-10-23 22:31:41 - MemoryReader - INFO - Connesso a WhatsApp.exe
2025-10-23 22:35:25 - MemoryReader - INFO - Connesso a MonsterLegends.exe
2025-10-23 22:37:39 - MemoryReader - INFO - Connesso a MonsterLegends.exe
2025-10-23 22:45:48 - MemoryReader - INFO - Connesso a MonsterLegends.exe
2025-10-23 22:53:42 - MemoryReader - INFO - Connesso a MonsterLegends.exe
